<?xml version="1.0" encoding="UTF-8"?>
<!-- Generated by org.testng.reporters.JUnitXMLReporter -->
<testsuite ignored="0" hostname="Girish_PC" failures="1" tests="39" name="RegressionTest" time="410.752" errors="0" timestamp="2024-02-18T20:26:16 EST">
  <testcase classname="com.salesforce.base.BaseSalesforce" name="@AfterMethod tearDownAfterTestMethod" time="0.004">
    <failure type="org.openqa.selenium.NoSuchWindowException" message="no such window: target window already closed
from unknown error: web view not found
  (Session info: chrome=121.0.6167.185)
Build info: version: &amp;apos;3.141.59&amp;apos;, revision: &amp;apos;e82be7d358&amp;apos;, time: &amp;apos;2018-11-14T08:17:03&amp;apos;
System info: host: &amp;apos;GIRISH_PC&amp;apos;, ip: &amp;apos;192.168.86.168&amp;apos;, os.name: &amp;apos;Windows 11&amp;apos;, os.arch: &amp;apos;amd64&amp;apos;, os.version: &amp;apos;10.0&amp;apos;, java.version: &amp;apos;17.0.9&amp;apos;
Driver info: org.openqa.selenium.chrome.ChromeDriver
Capabilities {acceptInsecureCerts: false, browserName: chrome, browserVersion: 121.0.6167.185, chrome: {chromedriverVersion: 121.0.6167.184 (057a8ae7deb..., userDataDir: C:\Users\jgiri\AppData\Loca...}, fedcm:accounts: true, goog:chromeOptions: {debuggerAddress: localhost:53306}, javascriptEnabled: true, networkConnectionEnabled: false, pageLoadStrategy: normal, platform: WINDOWS, platformName: WINDOWS, proxy: Proxy(), setWindowRect: true, strictFileInteractability: false, timeouts: {implicit: 0, pageLoad: 300000, script: 30000}, unhandledPromptBehavior: dismiss and notify, webauthn:extension:credBlob: true, webauthn:extension:largeBlob: true, webauthn:extension:minPinLength: true, webauthn:extension:prf: true, webauthn:virtualAuthenticators: true}
Session ID: 3d71012e9c3db02c95425a2755de4dcc">
      <![CDATA[org.openqa.selenium.NoSuchWindowException: no such window: target window already closed
from unknown error: web view not found
  (Session info: chrome=121.0.6167.185)
Build info: version: '3.141.59', revision: 'e82be7d358', time: '2018-11-14T08:17:03'
System info: host: 'GIRISH_PC', ip: '192.168.86.168', os.name: 'Windows 11', os.arch: 'amd64', os.version: '10.0', java.version: '17.0.9'
Driver info: org.openqa.selenium.chrome.ChromeDriver
Capabilities {acceptInsecureCerts: false, browserName: chrome, browserVersion: 121.0.6167.185, chrome: {chromedriverVersion: 121.0.6167.184 (057a8ae7deb..., userDataDir: C:\Users\jgiri\AppData\Loca...}, fedcm:accounts: true, goog:chromeOptions: {debuggerAddress: localhost:53306}, javascriptEnabled: true, networkConnectionEnabled: false, pageLoadStrategy: normal, platform: WINDOWS, platformName: WINDOWS, proxy: Proxy(), setWindowRect: true, strictFileInteractability: false, timeouts: {implicit: 0, pageLoad: 300000, script: 30000}, unhandledPromptBehavior: dismiss and notify, webauthn:extension:credBlob: true, webauthn:extension:largeBlob: true, webauthn:extension:minPinLength: true, webauthn:extension:prf: true, webauthn:virtualAuthenticators: true}
Session ID: 3d71012e9c3db02c95425a2755de4dcc
at org.openqa.selenium.remote.http.W3CHttpResponseCodec.createException(W3CHttpResponseCodec.java:187)
at org.openqa.selenium.remote.http.W3CHttpResponseCodec.decode(W3CHttpResponseCodec.java:122)
at org.openqa.selenium.remote.http.W3CHttpResponseCodec.decode(W3CHttpResponseCodec.java:49)
at org.openqa.selenium.remote.HttpCommandExecutor.execute(HttpCommandExecutor.java:158)
at org.openqa.selenium.remote.service.DriverCommandExecutor.execute(DriverCommandExecutor.java:83)
at org.openqa.selenium.remote.RemoteWebDriver.execute(RemoteWebDriver.java:552)
at org.openqa.selenium.remote.RemoteWebDriver.execute(RemoteWebDriver.java:609)
at org.openqa.selenium.remote.RemoteWebDriver.close(RemoteWebDriver.java:442)
at com.salesforce.base.BaseTest.closeBrowser(BaseTest.java:133)
at com.salesforce.base.BaseSalesforce.tearDownAfterTestMethod(BaseSalesforce.java:32)
at java.base/java.util.ArrayList.forEach(ArrayList.java:1511)
... Removed 36 stack frames]]>
    </failure>
  </testcase> <!-- @AfterMethod tearDownAfterTestMethod -->
  <testcase classname="com.salesforce.base.BaseSalesforce" name="@BeforeMethod setUpBeforeMethod" time="0.0">
    <skipped/>
  </testcase> <!-- @BeforeMethod setUpBeforeMethod -->
  <testcase classname="com.salesforce.base.BaseSalesforce" name="@AfterMethod tearDownAfterTestMethod" time="0.0">
    <skipped/>
  </testcase> <!-- @AfterMethod tearDownAfterTestMethod -->
  <testcase classname="com.salesforce.automation.SalesforceLogin" name="CheckRemeberMe_TC3" time="6.659"/>
  <testcase classname="com.salesforce.automation.SalesforceLogin" name="ForgotPassword_TC4A" time="0.773"/>
  <testcase classname="com.salesforce.automation.SalesforceLogin" name="LoginErrorMessage_TC1" time="0.528"/>
  <testcase classname="com.salesforce.automation.SalesforceLogin" name="LoginToSalesForce_TC2" time="3.305"/>
  <testcase classname="com.salesforce.automation.SalesforceLogin" name="ValidateLoginErrorMessage_TC4B" time="0.306"/>
  <testcase classname="com.salesforce.automation.SalesforceLeads" name="CheckLeadsTab_TC20" time="4.231"/>
  <testcase classname="com.salesforce.automation.SalesforceLeads" name="LeadsSelectView_TC21" time="4.542"/>
  <testcase classname="com.salesforce.automation.SalesforceLeads" name="ValidateDefaultView_TC22" time="14.253"/>
  <testcase classname="com.salesforce.automation.SalesforceLeads" name="ValidateselectedView_TC23" time="10.178"/>
  <testcase classname="com.salesforce.automation.SalesforceLeads" name="newleadbutton_TC24" time="7.807"/>
  <testcase classname="com.salesforce.automation.SalesforceOpportunity" name="Newopportunity_TC16" time="6.595"/>
  <testcase classname="com.salesforce.automation.SalesforceOpportunity" name="OpportunityPipelineReport_TC17" time="3.574"/>
  <testcase classname="com.salesforce.automation.SalesforceOpportunity" name="QuarterlySummaryReport_TC19" time="3.894"/>
  <testcase classname="com.salesforce.automation.SalesforceOpportunity" name="StuckOpportunitiesReport_TC18" time="5.711"/>
  <testcase classname="com.salesforce.automation.SalesforceOpportunity" name="opportunitydropdown_TC15" time="3.84"/>
  <testcase classname="com.salesforce.automation.SalesforceUserMenu" name="mysettings_TC07" time="11.089"/>
  <testcase classname="com.salesforce.automation.SalesforceUserMenu" name="selectMyProfile_TC06" time="62.211">
    <failure type="org.openqa.selenium.ElementClickInterceptedException" message="element click intercepted: Element &amp;lt;a href=&amp;quot;javascript:void(0);&amp;quot; onblur=&amp;quot;SfdcApp.ChatterProfilePhotoSection.showHideBadgeAndPhotoLinks(false)&amp;quot; id=&amp;quot;uploadLink&amp;quot; onfocus=&amp;quot;SfdcApp.ChatterProfilePhotoSection.showHideBadgeAndPhotoLinks(true)&amp;quot; data-uidsfdc=&amp;quot;75&amp;quot;&amp;gt;...&amp;lt;/a&amp;gt; is not clickable at point (120, 355). Other element would receive the click: &amp;lt;span class=&amp;quot;moderatorBadge&amp;quot; id=&amp;quot;displayBadge&amp;quot;&amp;gt;...&amp;lt;/span&amp;gt;
  (Session info: chrome=121.0.6167.185)
Build info: version: &amp;apos;3.141.59&amp;apos;, revision: &amp;apos;e82be7d358&amp;apos;, time: &amp;apos;2018-11-14T08:17:03&amp;apos;
System info: host: &amp;apos;GIRISH_PC&amp;apos;, ip: &amp;apos;192.168.86.168&amp;apos;, os.name: &amp;apos;Windows 11&amp;apos;, os.arch: &amp;apos;amd64&amp;apos;, os.version: &amp;apos;10.0&amp;apos;, java.version: &amp;apos;17.0.9&amp;apos;
Driver info: org.openqa.selenium.chrome.ChromeDriver
Capabilities {acceptInsecureCerts: false, browserName: chrome, browserVersion: 121.0.6167.185, chrome: {chromedriverVersion: 121.0.6167.184 (057a8ae7deb..., userDataDir: C:\Users\jgiri\AppData\Loca...}, fedcm:accounts: true, goog:chromeOptions: {debuggerAddress: localhost:53221}, javascriptEnabled: true, networkConnectionEnabled: false, pageLoadStrategy: normal, platform: WINDOWS, platformName: WINDOWS, proxy: Proxy(), setWindowRect: true, strictFileInteractability: false, timeouts: {implicit: 0, pageLoad: 300000, script: 30000}, unhandledPromptBehavior: dismiss and notify, webauthn:extension:credBlob: true, webauthn:extension:largeBlob: true, webauthn:extension:minPinLength: true, webauthn:extension:prf: true, webauthn:virtualAuthenticators: true}
Session ID: 86d56471d2e4b45a369b50e02c605f75">
      <![CDATA[org.openqa.selenium.ElementClickInterceptedException: element click intercepted: Element <a href="javascript:void(0);" onblur="SfdcApp.ChatterProfilePhotoSection.showHideBadgeAndPhotoLinks(false)" id="uploadLink" onfocus="SfdcApp.ChatterProfilePhotoSection.showHideBadgeAndPhotoLinks(true)" data-uidsfdc="75">...</a> is not clickable at point (120, 355). Other element would receive the click: <span class="moderatorBadge" id="displayBadge">...</span>
  (Session info: chrome=121.0.6167.185)
Build info: version: '3.141.59', revision: 'e82be7d358', time: '2018-11-14T08:17:03'
System info: host: 'GIRISH_PC', ip: '192.168.86.168', os.name: 'Windows 11', os.arch: 'amd64', os.version: '10.0', java.version: '17.0.9'
Driver info: org.openqa.selenium.chrome.ChromeDriver
Capabilities {acceptInsecureCerts: false, browserName: chrome, browserVersion: 121.0.6167.185, chrome: {chromedriverVersion: 121.0.6167.184 (057a8ae7deb..., userDataDir: C:\Users\jgiri\AppData\Loca...}, fedcm:accounts: true, goog:chromeOptions: {debuggerAddress: localhost:53221}, javascriptEnabled: true, networkConnectionEnabled: false, pageLoadStrategy: normal, platform: WINDOWS, platformName: WINDOWS, proxy: Proxy(), setWindowRect: true, strictFileInteractability: false, timeouts: {implicit: 0, pageLoad: 300000, script: 30000}, unhandledPromptBehavior: dismiss and notify, webauthn:extension:credBlob: true, webauthn:extension:largeBlob: true, webauthn:extension:minPinLength: true, webauthn:extension:prf: true, webauthn:virtualAuthenticators: true}
Session ID: 86d56471d2e4b45a369b50e02c605f75
at org.openqa.selenium.remote.http.W3CHttpResponseCodec.createException(W3CHttpResponseCodec.java:187)
at org.openqa.selenium.remote.http.W3CHttpResponseCodec.decode(W3CHttpResponseCodec.java:122)
at org.openqa.selenium.remote.http.W3CHttpResponseCodec.decode(W3CHttpResponseCodec.java:49)
at org.openqa.selenium.remote.HttpCommandExecutor.execute(HttpCommandExecutor.java:158)
at org.openqa.selenium.remote.service.DriverCommandExecutor.execute(DriverCommandExecutor.java:83)
at org.openqa.selenium.remote.RemoteWebDriver.execute(RemoteWebDriver.java:552)
at org.openqa.selenium.remote.RemoteWebElement.execute(RemoteWebElement.java:285)
at org.openqa.selenium.remote.RemoteWebElement.click(RemoteWebElement.java:84)
at com.salesforce.base.BaseTest.clickElement(BaseTest.java:110)
at com.salesforce.automation.SalesforceUserMenu.selectMyProfile_TC06(SalesforceUserMenu.java:146)
at java.base/java.util.ArrayList.forEach(ArrayList.java:1511)
... Removed 32 stack frames]]>
    </failure>
  </testcase> <!-- selectMyProfile_TC06 -->
  <testcase classname="com.salesforce.automation.SalesforceUserMenu" name="selectUserMenu_TC05" time="4.861"/>
  <testcase classname="com.salesforce.automation.SalesforceUserMenu" name="usermenuDeveloperconsole_TC08" time="5.806"/>
  <testcase classname="com.salesforce.automation.SalesforceUserMenu" name="usermenuLogout_TC09" time="0.0">
    <skipped/>
  </testcase> <!-- usermenuLogout_TC09 -->
  <testcase classname="com.salesforce.automation.SalesforceAccount" name="CreateAccountTab_TC10a" time="11.397"/>
  <testcase classname="com.salesforce.automation.SalesforceAccount" name="CreateAccount_TC10" time="9.684"/>
  <testcase classname="com.salesforce.automation.SalesforceAccount" name="Createaccountreport_TC14" time="18.356"/>
  <testcase classname="com.salesforce.automation.SalesforceAccount" name="Createnewview_TC11" time="5.044"/>
  <testcase classname="com.salesforce.automation.SalesforceAccount" name="Editview_TC12" time="7.784"/>
  <testcase classname="com.salesforce.automation.SalesforceAccount" name="MergeAccounts_TC13" time="6.65"/>
  <testcase classname="com.salesforce.automation.SalesforceContacts" name="CreateNewContact_TC25" time="6.815"/>
  <testcase classname="com.salesforce.automation.SalesforceContacts" name="CreateNewViewContact_TC26" time="5.321"/>
  <testcase classname="com.salesforce.automation.SalesforceContacts" name="MyContactsViewTC_28" time="4.162"/>
  <testcase classname="com.salesforce.automation.SalesforceContacts" name="cancelcreatenewview_TC31" time="4.931"/>
  <testcase classname="com.salesforce.automation.SalesforceContacts" name="errormsgcontactview_TC30" time="4.58"/>
  <testcase classname="com.salesforce.automation.SalesforceContacts" name="save_New_TC32" time="7.137"/>
  <testcase classname="com.salesforce.automation.SalesforceContacts" name="validatecreatedcontact_TC27" time="4.016"/>
  <testcase classname="com.salesforce.automation.SalesforceContacts" name="viewcontact_TC29" time="5.553"/>
  <testcase classname="com.salesforce.automation.SalesforceRandomScenarios" name="blockevent_TC36" time="10.499"/>
  <testcase classname="com.salesforce.automation.SalesforceRandomScenarios" name="blockeventrecurrence_TC37" time="12.312"/>
  <testcase classname="com.salesforce.automation.SalesforceRandomScenarios" name="tabcustomization_TC35" time="30.723"/>
  <testcase classname="com.salesforce.automation.SalesforceRandomScenarios" name="updateLastName_TC34" time="29.496"/>
  <testcase classname="com.salesforce.automation.SalesforceRandomScenarios" name="validatename_TC33" time="6.194"/>
</testsuite> <!-- RegressionTest -->
